Using pre-set license
Built from '2020.3/release' branch; Version is '2020.3.7f1 (dd97f2c94397) revision 14522354'; Using compiler version '192528614'; Build Type 'Release'
OS: 'Windows 10 Enterprise LTSC 2019; OS build 17763.1817; Version 1809; 64bit' Language: 'ru' Physical Memory: 8124 MB
BatchMode: 1, IsHumanControllingUs: 0, StartBugReporterOnCrash: 0, Is64bit: 1, IsPro: 0

 COMMAND LINE ARGUMENTS:
D:\MyProjectsForUnity\2020.3.7f1\Editor\Unity.exe
-adb2
-batchMode
-noUpm
-name
AssetImportWorker0
-projectPath
D:/GitHub/Mexican_Rush/Mexican_Rush
-logFile
Logs/AssetImportWorker0.log
-srvPort
50491
Successfully changed project path to: D:/GitHub/Mexican_Rush/Mexican_Rush
D:/GitHub/Mexican_Rush/Mexican_Rush
Using Asset Import Pipeline V2.
Refreshing native plugins compatible for Editor in 57.86 ms, found 1 plugins.
Preloading 0 native plugins for Editor in 0.00 ms.
Initialize engine version: 2020.3.7f1 (dd97f2c94397)
[Subsystems] Discovering subsystems at path D:/MyProjectsForUnity/2020.3.7f1/Editor/Data/Resources/UnitySubsystems
[Subsystems] Discovering subsystems at path D:/GitHub/Mexican_Rush/Mexican_Rush/Assets
GfxDevice: creating device client; threaded=0
Direct3D:
    Version:  Direct3D 11.0 [level 11.1]
    Renderer: NVIDIA GeForce GTX 1050 Ti (ID=0x1c82)
    Vendor:   
    VRAM:     4018 MB
    Driver:   27.21.14.6627
Initialize mono
Mono path[0] = 'D:/MyProjectsForUnity/2020.3.7f1/Editor/Data/Managed'
Mono path[1] = 'D:/MyProjectsForUnity/2020.3.7f1/Editor/Data/MonoBleedingEdge/lib/mono/unityjit'
Mono config path = 'D:/MyProjectsForUnity/2020.3.7f1/Editor/Data/MonoBleedingEdge/etc'
Using monoOptions --debugger-agent=transport=dt_socket,embedding=1,server=y,suspend=n,address=127.0.0.1:56304
Begin MonoManager ReloadAssembly
Registering precompiled unity dll's ...
Register platform support module: D:/MyProjectsForUnity/2020.3.7f1/Editor/Data/PlaybackEngines/WindowsStandaloneSupport/UnityEditor.WindowsStandalone.Extensions.dll
Registered in 0.001523 seconds.
Native extension for WindowsStandalone target not found
Refreshing native plugins compatible for Editor in 62.44 ms, found 1 plugins.
Preloading 0 native plugins for Editor in 0.00 ms.
Mono: successfully reloaded assembly
- Completed reload, in  2.350 seconds
Platform modules already initialized, skipping
Registering precompiled user dll's ...
Registered in 0.001097 seconds.
Begin MonoManager ReloadAssembly
Native extension for WindowsStandalone target not found
Refreshing native plugins compatible for Editor in 61.58 ms, found 1 plugins.
Preloading 0 native plugins for Editor in 0.00 ms.
Mono: successfully reloaded assembly
- Completed reload, in  1.482 seconds
Platform modules already initialized, skipping
========================================================================
Worker process is ready to serve import requests
Launched and connected shader compiler UnityShaderCompiler.exe after 0.10 seconds
Refreshing native plugins compatible for Editor in 0.49 ms, found 1 plugins.
Preloading 0 native plugins for Editor in 0.00 ms.
Unloading 1820 Unused Serialized files (Serialized files now loaded: 0)
System memory in use before: 85.2 MB.
System memory in use after: 85.2 MB.

Unloading 24 unused Assets to reduce memory usage. Loaded Objects now: 2262.
Total: 2.546200 ms (FindLiveObjects: 0.200700 ms CreateObjectMapping: 0.093000 ms MarkObjects: 2.076600 ms  DeleteObjects: 0.174500 ms)

========================================================================
Received Import Request.
  path: Assets/Tile_Pallete/tileset-sliced_45.asset
  artifactKey: Guid(185b09d892b55684392224be9e97c78a) Importer(815301076,1909f56bfc062723c751e8b465ee728b)
Start importing Assets/Tile_Pallete/tileset-sliced_45.asset using Guid(185b09d892b55684392224be9e97c78a) Importer(815301076,1909f56bfc062723c751e8b465ee728b)  -> (artifact id: '2dbbdc84bab25f26c61819418085d2cd') in 0.184884 seconds
  Import took 0.188645 seconds .

========================================================================
Received Import Request.
  Time since last request: 0.000256 seconds.
  path: Assets/Tile_Pallete/tileset-sliced_46.asset
  artifactKey: Guid(7997edab03f2ef748b226bb97dc7b14e) Importer(815301076,1909f56bfc062723c751e8b465ee728b)
Start importing Assets/Tile_Pallete/tileset-sliced_46.asset using Guid(7997edab03f2ef748b226bb97dc7b14e) Importer(815301076,1909f56bfc062723c751e8b465ee728b)  -> (artifact id: 'a20852367d371084e178a485279ecce8') in 0.039207 seconds
  Import took 0.042728 seconds .

========================================================================
Received Import Request.
  Time since last request: 0.000195 seconds.
  path: Assets/Tile_Pallete/tileset-sliced_10.asset
  artifactKey: Guid(4538f39c057d4204fa2433216b7a2fe5) Importer(815301076,1909f56bfc062723c751e8b465ee728b)
Start importing Assets/Tile_Pallete/tileset-sliced_10.asset using Guid(4538f39c057d4204fa2433216b7a2fe5) Importer(815301076,1909f56bfc062723c751e8b465ee728b)  -> (artifact id: '5076ec5db5e5a8888fa8fe8c72019160') in 0.039041 seconds
  Import took 0.043272 seconds .

========================================================================
Received Import Request.
  Time since last request: 0.000265 seconds.
  path: Assets/Skybox_prefab_img/50Points.prefab
  artifactKey: Guid(9a1fc949f417cfb4484e2657597f8bcc) Importer(815301076,1909f56bfc062723c751e8b465ee728b)
Start importing Assets/Skybox_prefab_img/50Points.prefab using Guid(9a1fc949f417cfb4484e2657597f8bcc) Importer(815301076,1909f56bfc062723c751e8b465ee728b)  -> (artifact id: 'eeee9f9b3cc5476fb5b7332c1058d285') in 0.137152 seconds
  Import took 0.141763 seconds .

========================================================================
Received Import Request.
  Time since last request: 0.000335 seconds.
  path: Assets/Skybox_prefab_img/SpawnPoints.prefab
  artifactKey: Guid(4bae25f0112e7e643a6046423cb064ce) Importer(815301076,1909f56bfc062723c751e8b465ee728b)
Start importing Assets/Skybox_prefab_img/SpawnPoints.prefab using Guid(4bae25f0112e7e643a6046423cb064ce) Importer(815301076,1909f56bfc062723c751e8b465ee728b)  -> (artifact id: 'dc5c01a4727488a74625e8e116fe5fd1') in 0.040453 seconds
  Import took 0.044239 seconds .

========================================================================
Received Import Request.
  Time since last request: 0.000329 seconds.
  path: Assets/Tile_Pallete/tileset-sliced_11.asset
  artifactKey: Guid(9e6988ca9a670e949b69b72d3ca84d1b) Importer(815301076,1909f56bfc062723c751e8b465ee728b)
Start importing Assets/Tile_Pallete/tileset-sliced_11.asset using Guid(9e6988ca9a670e949b69b72d3ca84d1b) Importer(815301076,1909f56bfc062723c751e8b465ee728b)  -> (artifact id: 'df7c725f9768358070be2e0a2d059848') in 0.040545 seconds
  Import took 0.044221 seconds .

========================================================================
Received Import Request.
  Time since last request: 0.000211 seconds.
  path: Assets/Tile_Pallete/tileset-sliced_18.asset
  artifactKey: Guid(42c91f1324db62443a3b2a09f82d8b20) Importer(815301076,1909f56bfc062723c751e8b465ee728b)
Start importing Assets/Tile_Pallete/tileset-sliced_18.asset using Guid(42c91f1324db62443a3b2a09f82d8b20) Importer(815301076,1909f56bfc062723c751e8b465ee728b)  -> (artifact id: 'ed22065703d89ca27e4aa0c00ad851da') in 0.039370 seconds
  Import took 0.042998 seconds .

========================================================================
Received Import Request.
  Time since last request: 0.000259 seconds.
  path: Assets/Tile_Pallete/tileset-sliced_48.asset
  artifactKey: Guid(84494d0ccdfad8e4c9dbb0983cefc1db) Importer(815301076,1909f56bfc062723c751e8b465ee728b)
Start importing Assets/Tile_Pallete/tileset-sliced_48.asset using Guid(84494d0ccdfad8e4c9dbb0983cefc1db) Importer(815301076,1909f56bfc062723c751e8b465ee728b)  -> (artifact id: '1f0e7de4baed34f75e78232170534728') in 0.038949 seconds
  Import took 0.042445 seconds .

========================================================================
Received Import Request.
  Time since last request: 0.000222 seconds.
  path: Assets/Skybox_prefab_img/shot-2.png
  artifactKey: Guid(f4e17262a295e454a82ad31f72df4882) Importer(815301076,1909f56bfc062723c751e8b465ee728b)
Start importing Assets/Skybox_prefab_img/shot-2.png using Guid(f4e17262a295e454a82ad31f72df4882) Importer(815301076,1909f56bfc062723c751e8b465ee728b)  -> (artifact id: 'e5ee49a661eb460e01fbdecd7339ed9e') in 0.163995 seconds
  Import took 0.167502 seconds .

========================================================================
Received Import Request.
  Time since last request: 0.000287 seconds.
  path: Assets/Skybox_prefab_img/25Points.prefab
  artifactKey: Guid(4a18b7b66b058a54287faf760fdfc977) Importer(815301076,1909f56bfc062723c751e8b465ee728b)
Start importing Assets/Skybox_prefab_img/25Points.prefab using Guid(4a18b7b66b058a54287faf760fdfc977) Importer(815301076,1909f56bfc062723c751e8b465ee728b)  -> (artifact id: 'b409d7e9ad0303a3b814c8d300946068') in 0.042077 seconds
  Import took 0.047354 seconds .

========================================================================
Received Import Request.
  Time since last request: 0.000251 seconds.
  path: Assets/Tile_Pallete/tileset-sliced_28.asset
  artifactKey: Guid(c7bf2a1b8a13eff41847bda9f89251de) Importer(815301076,1909f56bfc062723c751e8b465ee728b)
Start importing Assets/Tile_Pallete/tileset-sliced_28.asset using Guid(c7bf2a1b8a13eff41847bda9f89251de) Importer(815301076,1909f56bfc062723c751e8b465ee728b)  -> (artifact id: 'c6b5c3de07c894924a850fdd01fa93bb') in 0.038026 seconds
  Import took 0.042169 seconds .

========================================================================
Received Import Request.
  Time since last request: 0.000200 seconds.
  path: Assets/Tile_Pallete/tileset-sliced_51.asset
  artifactKey: Guid(1a6b776bdd8f923459d571781ad51c05) Importer(815301076,1909f56bfc062723c751e8b465ee728b)
Start importing Assets/Tile_Pallete/tileset-sliced_51.asset using Guid(1a6b776bdd8f923459d571781ad51c05) Importer(815301076,1909f56bfc062723c751e8b465ee728b)  -> (artifact id: '48a33889d2d625fe17b0ebd7f0b16b7d') in 0.038552 seconds
  Import took 0.042134 seconds .

========================================================================
Received Import Request.
  Time since last request: 0.000246 seconds.
  path: Assets/Skybox_prefab_img/10points.png
  artifactKey: Guid(75b0a2aac485bae4b9d60ef264c17147) Importer(815301076,1909f56bfc062723c751e8b465ee728b)
Start importing Assets/Skybox_prefab_img/10points.png using Guid(75b0a2aac485bae4b9d60ef264c17147) Importer(815301076,1909f56bfc062723c751e8b465ee728b)  -> (artifact id: 'fc83122816f3663d9d4ec5fa86e022d1') in 0.042858 seconds
  Import took 0.047230 seconds .

========================================================================
Received Import Request.
  Time since last request: 0.000239 seconds.
  path: Assets/Tile_Pallete/tileset-sliced_25.asset
  artifactKey: Guid(3c62ee5f16b24624cb6c030c57622314) Importer(815301076,1909f56bfc062723c751e8b465ee728b)
Start importing Assets/Tile_Pallete/tileset-sliced_25.asset using Guid(3c62ee5f16b24624cb6c030c57622314) Importer(815301076,1909f56bfc062723c751e8b465ee728b)  -> (artifact id: '3cf5deb629918c89ed2c9b779ea1c8d5') in 0.038560 seconds
  Import took 0.042509 seconds .

========================================================================
Received Import Request.
  Time since last request: 0.000237 seconds.
  path: Assets/Skybox_prefab_img/2W.png
  artifactKey: Guid(95eb97dbc9762d942b6a50424d2a5eda) Importer(815301076,1909f56bfc062723c751e8b465ee728b)
Start importing Assets/Skybox_prefab_img/2W.png using Guid(95eb97dbc9762d942b6a50424d2a5eda) Importer(815301076,1909f56bfc062723c751e8b465ee728b)  -> (artifact id: '8307526f7ada65dcde6b747dcb9a1d72') in 0.048035 seconds
  Import took 0.052004 seconds .

========================================================================
Received Import Request.
  Time since last request: 0.000311 seconds.
  path: Assets/Tile_Pallete/tileset-sliced_40.asset
  artifactKey: Guid(3510266624ddaf34087e3d1e354b85a2) Importer(815301076,1909f56bfc062723c751e8b465ee728b)
Start importing Assets/Tile_Pallete/tileset-sliced_40.asset using Guid(3510266624ddaf34087e3d1e354b85a2) Importer(815301076,1909f56bfc062723c751e8b465ee728b)  -> (artifact id: '172798fdd7636c92e747486501178ceb') in 0.038557 seconds
  Import took 0.042125 seconds .

========================================================================
Received Import Request.
  Time since last request: 0.000212 seconds.
  path: Assets/Skybox_prefab_img/trunk.png
  artifactKey: Guid(606bc7833699b46bfb26e8141d2a64a7) Importer(815301076,1909f56bfc062723c751e8b465ee728b)
Start importing Assets/Skybox_prefab_img/trunk.png using Guid(606bc7833699b46bfb26e8141d2a64a7) Importer(815301076,1909f56bfc062723c751e8b465ee728b)  -> (artifact id: 'f9da98e0879d833ae78b1d97dc4f7f2f') in 0.041071 seconds
  Import took 0.045083 seconds .

========================================================================
Received Import Request.
  Time since last request: 0.000206 seconds.
  path: Assets/Skybox_prefab_img/bush-tall.png
  artifactKey: Guid(aa94c6da14ecf4a8690f02549a9ac6a7) Importer(815301076,1909f56bfc062723c751e8b465ee728b)
Start importing Assets/Skybox_prefab_img/bush-tall.png using Guid(aa94c6da14ecf4a8690f02549a9ac6a7) Importer(815301076,1909f56bfc062723c751e8b465ee728b)  -> (artifact id: '7556ff79a47920b9ce327f99a570d2e9') in 0.039830 seconds
  Import took 0.044069 seconds .

========================================================================
Received Import Request.
  Time since last request: 0.000117 seconds.
  path: Assets/Tile_Pallete/tileset-sliced_47.asset
  artifactKey: Guid(a9aa44cac3018514a9c106dde8c00b74) Importer(815301076,1909f56bfc062723c751e8b465ee728b)
Start importing Assets/Tile_Pallete/tileset-sliced_47.asset using Guid(a9aa44cac3018514a9c106dde8c00b74) Importer(815301076,1909f56bfc062723c751e8b465ee728b)  -> (artifact id: '1116e22e569606006a6ea7b96f4dfb82') in 0.038763 seconds
  Import took 0.044094 seconds .

========================================================================
Received Import Request.
  Time since last request: 0.000260 seconds.
  path: Assets/Tile_Pallete/tileset-sliced_43.asset
  artifactKey: Guid(bab97402e52051447b10e9924de60180) Importer(815301076,1909f56bfc062723c751e8b465ee728b)
Start importing Assets/Tile_Pallete/tileset-sliced_43.asset using Guid(bab97402e52051447b10e9924de60180) Importer(815301076,1909f56bfc062723c751e8b465ee728b)  -> (artifact id: '5f492e6e3b429ecca0ad12cf254c142c') in 0.038530 seconds
  Import took 0.042234 seconds .

========================================================================
Received Import Request.
  Time since last request: 0.000208 seconds.
  path: Assets/Skybox_prefab_img/clock.png
  artifactKey: Guid(f24ad79d2fc93554b94bda32da75f85d) Importer(815301076,1909f56bfc062723c751e8b465ee728b)
Start importing Assets/Skybox_prefab_img/clock.png using Guid(f24ad79d2fc93554b94bda32da75f85d) Importer(815301076,1909f56bfc062723c751e8b465ee728b)  -> (artifact id: 'df21e54d36adfa20236b9c613fea36b5') in 0.044271 seconds
  Import took 0.048151 seconds .

========================================================================
Received Import Request.
  Time since last request: 0.000406 seconds.
  path: Assets/Tile_Pallete/tileset-sliced_3.asset
  artifactKey: Guid(214a173d1dbecbd41b6aaad23870d505) Importer(815301076,1909f56bfc062723c751e8b465ee728b)
Start importing Assets/Tile_Pallete/tileset-sliced_3.asset using Guid(214a173d1dbecbd41b6aaad23870d505) Importer(815301076,1909f56bfc062723c751e8b465ee728b)  -> (artifact id: 'a5968133f0d81e06b80e03f5732186a0') in 0.037963 seconds
  Import took 0.041683 seconds .

========================================================================
Received Import Request.
  Time since last request: 0.000215 seconds.
  path: Assets/Tile_Pallete/tileset-sliced_15.asset
  artifactKey: Guid(72cd763be42402d4bb3983cbcc66edd3) Importer(815301076,1909f56bfc062723c751e8b465ee728b)
Start importing Assets/Tile_Pallete/tileset-sliced_15.asset using Guid(72cd763be42402d4bb3983cbcc66edd3) Importer(815301076,1909f56bfc062723c751e8b465ee728b)  -> (artifact id: '6fa3c9da778ee84fd7f9b0a7172294de') in 0.038581 seconds
  Import took 0.042192 seconds .

========================================================================
Received Import Request.
  Time since last request: 0.000203 seconds.
  path: Assets/Tile_Pallete/tileset-sliced_52.asset
  artifactKey: Guid(e6df2bf81d438514a85cec56fe41b9e0) Importer(815301076,1909f56bfc062723c751e8b465ee728b)
Start importing Assets/Tile_Pallete/tileset-sliced_52.asset using Guid(e6df2bf81d438514a85cec56fe41b9e0) Importer(815301076,1909f56bfc062723c751e8b465ee728b)  -> (artifact id: '674e78843684e721a034544b244700cd') in 0.038634 seconds
  Import took 0.042266 seconds .

========================================================================
Received Import Request.
  Time since last request: 0.000217 seconds.
  path: Assets/Tile_Pallete/tileset-sliced_29.asset
  artifactKey: Guid(5140825042b1fba41a2b34e600e29299) Importer(815301076,1909f56bfc062723c751e8b465ee728b)
Start importing Assets/Tile_Pallete/tileset-sliced_29.asset using Guid(5140825042b1fba41a2b34e600e29299) Importer(815301076,1909f56bfc062723c751e8b465ee728b)  -> (artifact id: 'b846e4083509a8874e0c5d7a18847db5') in 0.037527 seconds
  Import took 0.041249 seconds .

========================================================================
Received Import Request.
  Time since last request: 0.000206 seconds.
  path: Assets/Tile_Pallete/tileset-sliced_33.asset
  artifactKey: Guid(c759e1f326c4b954d85f53490a31d885) Importer(815301076,1909f56bfc062723c751e8b465ee728b)
Start importing Assets/Tile_Pallete/tileset-sliced_33.asset using Guid(c759e1f326c4b954d85f53490a31d885) Importer(815301076,1909f56bfc062723c751e8b465ee728b)  -> (artifact id: 'd0039f1ea84a53c3bea9424ab8d0c4e8') in 0.038357 seconds
  Import took 0.067164 seconds .

========================================================================
Received Import Request.
  Time since last request: 0.000276 seconds.
  path: Assets/Tile_Pallete/tileset-sliced_41.asset
  artifactKey: Guid(83c04a31d3f388d44ac7606cc994ac3a) Importer(815301076,1909f56bfc062723c751e8b465ee728b)
Start importing Assets/Tile_Pallete/tileset-sliced_41.asset using Guid(83c04a31d3f388d44ac7606cc994ac3a) Importer(815301076,1909f56bfc062723c751e8b465ee728b)  -> (artifact id: 'b89ef5cbeee1caef48bcf274d29c4345') in 0.040605 seconds
  Import took 0.045044 seconds .

========================================================================
Received Import Request.
  Time since last request: 0.000255 seconds.
  path: Assets/Tile_Pallete/tileset-sliced_26.asset
  artifactKey: Guid(be864a83a928caa44839c9454d4f3e5d) Importer(815301076,1909f56bfc062723c751e8b465ee728b)
Start importing Assets/Tile_Pallete/tileset-sliced_26.asset using Guid(be864a83a928caa44839c9454d4f3e5d) Importer(815301076,1909f56bfc062723c751e8b465ee728b)  -> (artifact id: 'ebc690a361e028cdda70bf16eec8c470') in 0.038966 seconds
  Import took 0.042767 seconds .

========================================================================
Received Import Request.
  Time since last request: 0.000219 seconds.
  path: Assets/Tile_Pallete/tileset-sliced_38.asset
  artifactKey: Guid(acf639e583c686545b7535e1b9a426b6) Importer(815301076,1909f56bfc062723c751e8b465ee728b)
Start importing Assets/Tile_Pallete/tileset-sliced_38.asset using Guid(acf639e583c686545b7535e1b9a426b6) Importer(815301076,1909f56bfc062723c751e8b465ee728b)  -> (artifact id: '5dba27f99213a3e694bacf71e2270d30') in 0.038885 seconds
  Import took 0.042540 seconds .

========================================================================
Received Import Request.
  Time since last request: 0.000224 seconds.
  path: Assets/Tile_Pallete/tileset-sliced_23.asset
  artifactKey: Guid(e086a4301510c2e4a90a5a8e5c6676d7) Importer(815301076,1909f56bfc062723c751e8b465ee728b)
Start importing Assets/Tile_Pallete/tileset-sliced_23.asset using Guid(e086a4301510c2e4a90a5a8e5c6676d7) Importer(815301076,1909f56bfc062723c751e8b465ee728b)  -> (artifact id: '99d635fb0c25ea2a80ae6b9f8b75e282') in 0.038586 seconds
  Import took 0.042224 seconds .

========================================================================
Received Prepare
Registering precompiled user dll's ...
Registered in 0.001068 seconds.
Begin MonoManager ReloadAssembly
Native extension for WindowsStandalone target not found
Refreshing native plugins compatible for Editor in 0.50 ms, found 1 plugins.
Preloading 0 native plugins for Editor in 0.00 ms.
Mono: successfully reloaded assembly
- Completed reload, in  1.176 seconds
Platform modules already initialized, skipping
Refreshing native plugins compatible for Editor in 0.52 ms, found 1 plugins.
Preloading 0 native plugins for Editor in 0.00 ms.
Unloading 1815 Unused Serialized files (Serialized files now loaded: 0)
System memory in use before: 88.3 MB.
System memory in use after: 88.3 MB.

Unloading 12 unused Assets to reduce memory usage. Loaded Objects now: 2286.
Total: 2.830600 ms (FindLiveObjects: 0.247200 ms CreateObjectMapping: 0.117400 ms MarkObjects: 2.314400 ms  DeleteObjects: 0.149900 ms)

========================================================================
Received Import Request.
  Time since last request: 1.986583 seconds.
  path: Assets/Tile_Pallete/tileset-sliced_50.asset
  artifactKey: Guid(a5505ce637c405e4a99ffdbfa6fc90cc) Importer(815301076,1909f56bfc062723c751e8b465ee728b)
Start importing Assets/Tile_Pallete/tileset-sliced_50.asset using Guid(a5505ce637c405e4a99ffdbfa6fc90cc) Importer(815301076,1909f56bfc062723c751e8b465ee728b)  -> (artifact id: '297bdc1d7df8fcad1fb261d04c1680d8') in 0.080983 seconds
  Import took 0.084824 seconds .

========================================================================
Received Import Request.
  Time since last request: 0.000302 seconds.
  path: Assets/Tile_Pallete/tileset-sliced_53.asset
  artifactKey: Guid(6241b8c3f6e19054795724a5f5738d9d) Importer(815301076,1909f56bfc062723c751e8b465ee728b)
Start importing Assets/Tile_Pallete/tileset-sliced_53.asset using Guid(6241b8c3f6e19054795724a5f5738d9d) Importer(815301076,1909f56bfc062723c751e8b465ee728b)  -> (artifact id: 'e27a96c2cd8a7f07c10fba1b6dcf1f26') in 0.044932 seconds
  Import took 0.049339 seconds .

========================================================================
Received Import Request.
  Time since last request: 0.000212 seconds.
  path: Assets/Tile_Pallete/tileset-sliced_7.asset
  artifactKey: Guid(8b30ba3799f4ca04090a6c40fd4aeb89) Importer(815301076,1909f56bfc062723c751e8b465ee728b)
Start importing Assets/Tile_Pallete/tileset-sliced_7.asset using Guid(8b30ba3799f4ca04090a6c40fd4aeb89) Importer(815301076,1909f56bfc062723c751e8b465ee728b)  -> (artifact id: 'b1afc07f4af62d1cfe391f4bb7cbb4f0') in 0.042495 seconds
  Import took 0.046282 seconds .

========================================================================
Received Import Request.
  Time since last request: 0.000216 seconds.
  path: Assets/Skybox_prefab_img/1W.png
  artifactKey: Guid(506913cb89c83ae4a8c85bdbb57efcd6) Importer(815301076,1909f56bfc062723c751e8b465ee728b)
Start importing Assets/Skybox_prefab_img/1W.png using Guid(506913cb89c83ae4a8c85bdbb57efcd6) Importer(815301076,1909f56bfc062723c751e8b465ee728b)  -> (artifact id: 'a651b802e2489077dfc227f7b4346628') in 0.070734 seconds
  Import took 0.074199 seconds .

========================================================================
Received Import Request.
  Time since last request: 0.000208 seconds.
  path: Assets/Tile_Pallete/tileset-sliced_9.asset
  artifactKey: Guid(81d7d61fdf1af7c41bf3f0d6190dc89f) Importer(815301076,1909f56bfc062723c751e8b465ee728b)
Start importing Assets/Tile_Pallete/tileset-sliced_9.asset using Guid(81d7d61fdf1af7c41bf3f0d6190dc89f) Importer(815301076,1909f56bfc062723c751e8b465ee728b)  -> (artifact id: 'd18a0eeabc6bc2a0a00cd8411f45323f') in 0.040512 seconds
  Import took 0.044314 seconds .

========================================================================
Received Import Request.
  Time since last request: 0.000232 seconds.
  path: Assets/Tile_Pallete/tileset-sliced_19.asset
  artifactKey: Guid(ef29ef5ac1d40824a838b4c86548c186) Importer(815301076,1909f56bfc062723c751e8b465ee728b)
Start importing Assets/Tile_Pallete/tileset-sliced_19.asset using Guid(ef29ef5ac1d40824a838b4c86548c186) Importer(815301076,1909f56bfc062723c751e8b465ee728b)  -> (artifact id: 'eb9aac7f953844a5c5e8f91a97f2cacb') in 0.039980 seconds
  Import took 0.043650 seconds .

========================================================================
Received Import Request.
  Time since last request: 0.000204 seconds.
  path: Assets/Skybox_prefab_img/tileset-sliced.png
  artifactKey: Guid(95d22684aba5646d79a26b3287a692b6) Importer(815301076,1909f56bfc062723c751e8b465ee728b)
Start importing Assets/Skybox_prefab_img/tileset-sliced.png using Guid(95d22684aba5646d79a26b3287a692b6) Importer(815301076,1909f56bfc062723c751e8b465ee728b)  -> (artifact id: 'de823ed9be2ec9be71946bb239e83f53') in 0.674909 seconds
  Import took 0.680782 seconds .

========================================================================
Received Import Request.
  Time since last request: 0.000280 seconds.
  path: Assets/Skybox_prefab_img/10Points.prefab
  artifactKey: Guid(147648062f9838e4ebeedaba548c7251) Importer(815301076,1909f56bfc062723c751e8b465ee728b)
Start importing Assets/Skybox_prefab_img/10Points.prefab using Guid(147648062f9838e4ebeedaba548c7251) Importer(815301076,1909f56bfc062723c751e8b465ee728b)  -> (artifact id: 'af9f8306b64452c0eee1b08c24a741de') in 0.089843 seconds
  Import took 0.093624 seconds .

========================================================================
Received Import Request.
  Time since last request: 0.000262 seconds.
  path: Assets/Tile_Pallete/tileset-sliced_58.asset
  artifactKey: Guid(34aab0ebfc4aa7b4dbbb1b6b06413cea) Importer(815301076,1909f56bfc062723c751e8b465ee728b)
Start importing Assets/Tile_Pallete/tileset-sliced_58.asset using Guid(34aab0ebfc4aa7b4dbbb1b6b06413cea) Importer(815301076,1909f56bfc062723c751e8b465ee728b)  -> (artifact id: 'ee8cbff7afeec9b094bc0f604a50d6cc') in 0.042149 seconds
  Import took 0.045647 seconds .

========================================================================
Received Import Request.
  Time since last request: 0.000394 seconds.
  path: Assets/Skybox_prefab_img/background.jpg
  artifactKey: Guid(c5293fe63bd985040be454578a8465f0) Importer(815301076,1909f56bfc062723c751e8b465ee728b)
Start importing Assets/Skybox_prefab_img/background.jpg using Guid(c5293fe63bd985040be454578a8465f0) Importer(815301076,1909f56bfc062723c751e8b465ee728b)  -> (artifact id: '543a921c1cdf5eb7109613c8e97d4cd7') in 0.052236 seconds
  Import took 0.056116 seconds .

========================================================================
Received Import Request.
  Time since last request: 0.000262 seconds.
  path: Assets/Tile_Pallete/tileset-sliced_2.asset
  artifactKey: Guid(534ed475e7ae9c745a774f4750786dbe) Importer(815301076,1909f56bfc062723c751e8b465ee728b)
Start importing Assets/Tile_Pallete/tileset-sliced_2.asset using Guid(534ed475e7ae9c745a774f4750786dbe) Importer(815301076,1909f56bfc062723c751e8b465ee728b)  -> (artifact id: '85e80492cbbfaddff668a2b1ed640333') in 0.041190 seconds
  Import took 0.045055 seconds .

========================================================================
Received Import Request.
  Time since last request: 0.000203 seconds.
  path: Assets/Tile_Pallete/tileset-sliced_4.asset
  artifactKey: Guid(3a03d86f8fe3ade45902399d2a294fc4) Importer(815301076,1909f56bfc062723c751e8b465ee728b)
Start importing Assets/Tile_Pallete/tileset-sliced_4.asset using Guid(3a03d86f8fe3ade45902399d2a294fc4) Importer(815301076,1909f56bfc062723c751e8b465ee728b)  -> (artifact id: '653fa61a265795a6cb0fd2279e402085') in 0.040231 seconds
  Import took 0.043643 seconds .

========================================================================
Received Import Request.
  Time since last request: 0.000262 seconds.
  path: Assets/Skybox_prefab_img/25points.png
  artifactKey: Guid(e6b55713a9f493c499ea0beb9a05420e) Importer(815301076,1909f56bfc062723c751e8b465ee728b)
Start importing Assets/Skybox_prefab_img/25points.png using Guid(e6b55713a9f493c499ea0beb9a05420e) Importer(815301076,1909f56bfc062723c751e8b465ee728b)  -> (artifact id: 'f1ed2b0a114925bf25da21fae3ea3537') in 0.050300 seconds
  Import took 0.053836 seconds .

========================================================================
Received Import Request.
  Time since last request: 0.000214 seconds.
  path: Assets/Skybox_prefab_img/target.png
  artifactKey: Guid(cfd460041fe61934eba801889c03ad17) Importer(815301076,1909f56bfc062723c751e8b465ee728b)
Start importing Assets/Skybox_prefab_img/target.png using Guid(cfd460041fe61934eba801889c03ad17) Importer(815301076,1909f56bfc062723c751e8b465ee728b)  -> (artifact id: '6a032c9aaac6bbeac134b3db1dc320b7') in 0.045308 seconds
  Import took 0.048695 seconds .

========================================================================
Received Import Request.
  Time since last request: 0.000207 seconds.
  path: Assets/Skybox_prefab_img/Bullet Trail.mat
  artifactKey: Guid(e436a646007f62844b29a2b23de1990c) Importer(815301076,1909f56bfc062723c751e8b465ee728b)
Start importing Assets/Skybox_prefab_img/Bullet Trail.mat using Guid(e436a646007f62844b29a2b23de1990c) Importer(815301076,1909f56bfc062723c751e8b465ee728b)  -> (artifact id: '23bf1951c5630e199d07a04cb7b65aff') in 0.094100 seconds
  Import took 0.097679 seconds .

========================================================================
Received Import Request.
  Time since last request: 0.000245 seconds.
  path: Assets/Skybox_prefab_img/Bullet.prefab
  artifactKey: Guid(95604b63d9b86e5428342dfa665f6c40) Importer(815301076,1909f56bfc062723c751e8b465ee728b)
Start importing Assets/Skybox_prefab_img/Bullet.prefab using Guid(95604b63d9b86e5428342dfa665f6c40) Importer(815301076,1909f56bfc062723c751e8b465ee728b)  -> (artifact id: 'da6578e96a6ecc88b7ada80c36d51d6e') in 0.043663 seconds
  Import took 0.047723 seconds .

========================================================================
Received Import Request.
  Time since last request: 0.000242 seconds.
  path: Assets/Skybox_prefab_img/rock.png
  artifactKey: Guid(37eaf6e537ca749adaaea0a3e900d411) Importer(815301076,1909f56bfc062723c751e8b465ee728b)
Start importing Assets/Skybox_prefab_img/rock.png using Guid(37eaf6e537ca749adaaea0a3e900d411) Importer(815301076,1909f56bfc062723c751e8b465ee728b)  -> (artifact id: '803871df55e9164d214766701190a4b4') in 0.051794 seconds
  Import took 0.055338 seconds .

========================================================================
Received Import Request.
  Time since last request: 0.000336 seconds.
  path: Assets/Tile_Pallete/tileset-sliced_36.asset
  artifactKey: Guid(89d613a198b597747b8e3bb1aa03f2d3) Importer(815301076,1909f56bfc062723c751e8b465ee728b)
Start importing Assets/Tile_Pallete/tileset-sliced_36.asset using Guid(89d613a198b597747b8e3bb1aa03f2d3) Importer(815301076,1909f56bfc062723c751e8b465ee728b)  -> (artifact id: '4e2f17a4380ef56e5a02f6fdc1eaae32') in 0.040701 seconds
  Import took 0.044183 seconds .

========================================================================
Received Import Request.
  Time since last request: 0.000209 seconds.
  path: Assets/Tile_Pallete/tileset-sliced_39.asset
  artifactKey: Guid(64a6b8084668c83439c749284134865e) Importer(815301076,1909f56bfc062723c751e8b465ee728b)
Start importing Assets/Tile_Pallete/tileset-sliced_39.asset using Guid(64a6b8084668c83439c749284134865e) Importer(815301076,1909f56bfc062723c751e8b465ee728b)  -> (artifact id: '9af8e160e8e6651683dc29bf7cc035f5') in 0.040952 seconds
  Import took 0.044568 seconds .

========================================================================
Received Import Request.
  Time since last request: 0.000248 seconds.
  path: Assets/Tile_Pallete/tileset-sliced_27.asset
  artifactKey: Guid(159f8a2bcf11f5e4ebd7242a04c606de) Importer(815301076,1909f56bfc062723c751e8b465ee728b)
Start importing Assets/Tile_Pallete/tileset-sliced_27.asset using Guid(159f8a2bcf11f5e4ebd7242a04c606de) Importer(815301076,1909f56bfc062723c751e8b465ee728b)  -> (artifact id: 'fa5b40cbee2f741784562b18dd45fb3b') in 0.040713 seconds
  Import took 0.044883 seconds .

========================================================================
Received Import Request.
  Time since last request: 0.000245 seconds.
  path: Assets/Tile_Pallete/tileset-sliced_20.asset
  artifactKey: Guid(41143e55d5daa14498da5f163b2f6191) Importer(815301076,1909f56bfc062723c751e8b465ee728b)
Start importing Assets/Tile_Pallete/tileset-sliced_20.asset using Guid(41143e55d5daa14498da5f163b2f6191) Importer(815301076,1909f56bfc062723c751e8b465ee728b)  -> (artifact id: '4a27bb42eea64ac737914ea7fa064536') in 0.047060 seconds
  Import took 0.051061 seconds .

========================================================================
Received Import Request.
  Time since last request: 0.000225 seconds.
  path: Assets/Skybox_prefab_img/player.png
  artifactKey: Guid(0382755bfb061a246aad90491cc8fb2d) Importer(815301076,1909f56bfc062723c751e8b465ee728b)
Start importing Assets/Skybox_prefab_img/player.png using Guid(0382755bfb061a246aad90491cc8fb2d) Importer(815301076,1909f56bfc062723c751e8b465ee728b)  -> (artifact id: '3061d63fb671ceda4d649c6578f3f307') in 0.045018 seconds
  Import took 0.048757 seconds .

========================================================================
Received Import Request.
  Time since last request: 0.000236 seconds.
  path: Assets/Skybox_prefab_img/50points.png
  artifactKey: Guid(a4246dda891831c4da640c0ec3fc85ba) Importer(815301076,1909f56bfc062723c751e8b465ee728b)
Start importing Assets/Skybox_prefab_img/50points.png using Guid(a4246dda891831c4da640c0ec3fc85ba) Importer(815301076,1909f56bfc062723c751e8b465ee728b)  -> (artifact id: '24f1b7982b6b3a8d19387572bdd5d9c9') in 0.047168 seconds
  Import took 0.050741 seconds .

========================================================================
Received Import Request.
  Time since last request: 0.000211 seconds.
  path: Assets/Skybox_prefab_img/bush.png
  artifactKey: Guid(dbc624f7b3a644dcf989e434e63d9a98) Importer(815301076,1909f56bfc062723c751e8b465ee728b)
Start importing Assets/Skybox_prefab_img/bush.png using Guid(dbc624f7b3a644dcf989e434e63d9a98) Importer(815301076,1909f56bfc062723c751e8b465ee728b)  -> (artifact id: '1e3042f961fb994757edcdc2dfb7be5a') in 0.042524 seconds
  Import took 0.046072 seconds .

========================================================================
Received Import Request.
  Time since last request: 0.000270 seconds.
  path: Assets/Skybox_prefab_img/Skybox.mat
  artifactKey: Guid(77b915ea0359b33469f390f1cc03e180) Importer(815301076,1909f56bfc062723c751e8b465ee728b)
Start importing Assets/Skybox_prefab_img/Skybox.mat using Guid(77b915ea0359b33469f390f1cc03e180) Importer(815301076,1909f56bfc062723c751e8b465ee728b)  -> (artifact id: '4f179e6334c031e1b4053f4da784f9aa') in 0.246503 seconds
  Import took 0.249947 seconds .

========================================================================
Received Import Request.
  Time since last request: 0.000266 seconds.
  path: Assets/Tile_Pallete/tileset-sliced_13.asset
  artifactKey: Guid(cbb734d56c8458140b54e80407f4322f) Importer(815301076,1909f56bfc062723c751e8b465ee728b)
Start importing Assets/Tile_Pallete/tileset-sliced_13.asset using Guid(cbb734d56c8458140b54e80407f4322f) Importer(815301076,1909f56bfc062723c751e8b465ee728b)  -> (artifact id: 'e9b95bb6992a81c9cdbf0ad4ffa26252') in 0.043572 seconds
  Import took 0.046999 seconds .

========================================================================
Received Import Request.
  Time since last request: 0.000282 seconds.
  path: Assets/Tile_Pallete/tileset-sliced_16.asset
  artifactKey: Guid(b7ec038968ef37747bf3f907afd94eae) Importer(815301076,1909f56bfc062723c751e8b465ee728b)
Start importing Assets/Tile_Pallete/tileset-sliced_16.asset using Guid(b7ec038968ef37747bf3f907afd94eae) Importer(815301076,1909f56bfc062723c751e8b465ee728b)  -> (artifact id: 'e2f9c50bc786530afa07ffdff74e3467') in 0.040913 seconds
  Import took 0.044440 seconds .

========================================================================
Received Import Request.
  Time since last request: 0.000209 seconds.
  path: Assets/Skybox_prefab_img/HeavyBullet.prefab
  artifactKey: Guid(af49e1b11e6a800458057ebd1162e28e) Importer(815301076,1909f56bfc062723c751e8b465ee728b)
Start importing Assets/Skybox_prefab_img/HeavyBullet.prefab using Guid(af49e1b11e6a800458057ebd1162e28e) Importer(815301076,1909f56bfc062723c751e8b465ee728b)  -> (artifact id: 'a435d793b21b5618f312f355e9f44618') in 0.042936 seconds
  Import took 0.046525 seconds .

========================================================================
Received Import Request.
  Time since last request: 0.000216 seconds.
  path: Assets/Tile_Pallete/tileset-sliced_42.asset
  artifactKey: Guid(b9b506317042d3d49a4dc5569a3544da) Importer(815301076,1909f56bfc062723c751e8b465ee728b)
Start importing Assets/Tile_Pallete/tileset-sliced_42.asset using Guid(b9b506317042d3d49a4dc5569a3544da) Importer(815301076,1909f56bfc062723c751e8b465ee728b)  -> (artifact id: '7192888fc8c76eab6fe8a6d101d85ce9') in 0.039720 seconds
  Import took 0.043647 seconds .

========================================================================
Received Import Request.
  Time since last request: 0.000210 seconds.
  path: Assets/Tile_Pallete/tileset-sliced_32.asset
  artifactKey: Guid(f68c0f71b6fb4114a985b9ae26c30417) Importer(815301076,1909f56bfc062723c751e8b465ee728b)
Start importing Assets/Tile_Pallete/tileset-sliced_32.asset using Guid(f68c0f71b6fb4114a985b9ae26c30417) Importer(815301076,1909f56bfc062723c751e8b465ee728b)  -> (artifact id: 'fdc82ceea30cb0d2c8e7ce52e513ddf2') in 0.039227 seconds
  Import took 0.042864 seconds .

========================================================================
Received Import Request.
  Time since last request: 0.000230 seconds.
  path: Assets/Tile_Pallete/tileset-sliced_30.asset
  artifactKey: Guid(f19cff3c8badc854a9c154a6f061e707) Importer(815301076,1909f56bfc062723c751e8b465ee728b)
Start importing Assets/Tile_Pallete/tileset-sliced_30.asset using Guid(f19cff3c8badc854a9c154a6f061e707) Importer(815301076,1909f56bfc062723c751e8b465ee728b)  -> (artifact id: '5ee5c18c5726b9390389a9726423626e') in 0.044305 seconds
  Import took 0.047937 seconds .

========================================================================
Received Import Request.
  Time since last request: 0.000216 seconds.
  path: Assets/Skybox_prefab_img/maxresdefault.jpg
  artifactKey: Guid(011b5cbf092377347949404750016999) Importer(815301076,1909f56bfc062723c751e8b465ee728b)
Start importing Assets/Skybox_prefab_img/maxresdefault.jpg using Guid(011b5cbf092377347949404750016999) Importer(815301076,1909f56bfc062723c751e8b465ee728b)  -> (artifact id: 'bdb0c5f91a419f8ca1611f870f0ab192') in 0.043559 seconds
  Import took 0.047223 seconds .

========================================================================
Received Import Request.
  Time since last request: 0.000335 seconds.
  path: Assets/Tile_Pallete/tileset-sliced_44.asset
  artifactKey: Guid(6caec011b5d2b4e40943e70e339f3071) Importer(815301076,1909f56bfc062723c751e8b465ee728b)
Start importing Assets/Tile_Pallete/tileset-sliced_44.asset using Guid(6caec011b5d2b4e40943e70e339f3071) Importer(815301076,1909f56bfc062723c751e8b465ee728b)  -> (artifact id: '52482a064502515e1f8516c2ede37d6e') in 0.038266 seconds
  Import took 0.042051 seconds .

========================================================================
Received Import Request.
  Time since last request: 0.000203 seconds.
  path: Assets/Tile_Pallete/tileset-sliced_49.asset
  artifactKey: Guid(e1a3ea8309f8720488ae03b5550855aa) Importer(815301076,1909f56bfc062723c751e8b465ee728b)
Start importing Assets/Tile_Pallete/tileset-sliced_49.asset using Guid(e1a3ea8309f8720488ae03b5550855aa) Importer(815301076,1909f56bfc062723c751e8b465ee728b)  -> (artifact id: 'e47730905326a8467ffa45654802d4f4') in 0.037573 seconds
  Import took 0.041102 seconds .

========================================================================
Received Import Request.
  Time since last request: 0.000287 seconds.
  path: Assets/Tile_Pallete/tileset-sliced_14.asset
  artifactKey: Guid(a53555e6907990240b0f5ccb24d0f23f) Importer(815301076,1909f56bfc062723c751e8b465ee728b)
Start importing Assets/Tile_Pallete/tileset-sliced_14.asset using Guid(a53555e6907990240b0f5ccb24d0f23f) Importer(815301076,1909f56bfc062723c751e8b465ee728b)  -> (artifact id: '9ae9b11e47b56981f734c157e8453d99') in 0.039290 seconds
  Import took 0.042933 seconds .

========================================================================
Received Import Request.
  Time since last request: 0.000304 seconds.
  path: Assets/Tile_Pallete/tileset-sliced_12.asset
  artifactKey: Guid(07b88638418b46c429b92f26a2adef98) Importer(815301076,1909f56bfc062723c751e8b465ee728b)
Start importing Assets/Tile_Pallete/tileset-sliced_12.asset using Guid(07b88638418b46c429b92f26a2adef98) Importer(815301076,1909f56bfc062723c751e8b465ee728b)  -> (artifact id: '54af48f8e0c6d3ea3b6ad048caa0f4f3') in 0.039641 seconds
  Import took 0.043104 seconds .

========================================================================
Received Import Request.
  Time since last request: 0.000301 seconds.
  path: Assets/Tile_Pallete/tileset-sliced_5.asset
  artifactKey: Guid(c8dff80be39fde447852e8f2e0777733) Importer(815301076,1909f56bfc062723c751e8b465ee728b)
Start importing Assets/Tile_Pallete/tileset-sliced_5.asset using Guid(c8dff80be39fde447852e8f2e0777733) Importer(815301076,1909f56bfc062723c751e8b465ee728b)  -> (artifact id: '6fe883ca014cf0ed34dc05aeeee46b29') in 0.038770 seconds
  Import took 0.042204 seconds .

========================================================================
Received Import Request.
  Time since last request: 0.000234 seconds.
  path: Assets/Tile_Pallete/tileset-sliced_55.asset
  artifactKey: Guid(0fcbd6bdfea400e4a8b407d056566c4e) Importer(815301076,1909f56bfc062723c751e8b465ee728b)
Start importing Assets/Tile_Pallete/tileset-sliced_55.asset using Guid(0fcbd6bdfea400e4a8b407d056566c4e) Importer(815301076,1909f56bfc062723c751e8b465ee728b)  -> (artifact id: '60162f79711a413da0781b023edf5860') in 0.037988 seconds
  Import took 0.041450 seconds .

========================================================================
Received Import Request.
  Time since last request: 0.000234 seconds.
  path: Assets/Tile_Pallete/tileset-sliced_21.asset
  artifactKey: Guid(28fe278e759b1e148a8c65046ab6484d) Importer(815301076,1909f56bfc062723c751e8b465ee728b)
Start importing Assets/Tile_Pallete/tileset-sliced_21.asset using Guid(28fe278e759b1e148a8c65046ab6484d) Importer(815301076,1909f56bfc062723c751e8b465ee728b)  -> (artifact id: 'd3d254fc7b0d3eb9f3e97dffbbfcd1d4') in 0.038939 seconds
  Import took 0.042341 seconds .

========================================================================
Received Import Request.
  Time since last request: 0.000214 seconds.
  path: Assets/Tile_Pallete/tileset-sliced_31.asset
  artifactKey: Guid(72d811a7644040b459d8cd1cdf1d7acf) Importer(815301076,1909f56bfc062723c751e8b465ee728b)
Start importing Assets/Tile_Pallete/tileset-sliced_31.asset using Guid(72d811a7644040b459d8cd1cdf1d7acf) Importer(815301076,1909f56bfc062723c751e8b465ee728b)  -> (artifact id: 'baa4b984034bec9de5c17ee4f6258b75') in 0.039114 seconds
  Import took 0.042627 seconds .

========================================================================
Received Import Request.
  Time since last request: 0.000236 seconds.
  path: Assets/Tile_Pallete/tileset-sliced_6.asset
  artifactKey: Guid(9f6f94e7b20fbd14b8f27aa39fde0575) Importer(815301076,1909f56bfc062723c751e8b465ee728b)
Start importing Assets/Tile_Pallete/tileset-sliced_6.asset using Guid(9f6f94e7b20fbd14b8f27aa39fde0575) Importer(815301076,1909f56bfc062723c751e8b465ee728b)  -> (artifact id: 'd71eff31c5c6c2180df28e70ba15b142') in 0.039026 seconds
  Import took 0.042646 seconds .

========================================================================
Received Import Request.
  Time since last request: 0.000266 seconds.
  path: Assets/Tile_Pallete/tileset-sliced_8.asset
  artifactKey: Guid(548aa0e3062ca584bb44054d74240a53) Importer(815301076,1909f56bfc062723c751e8b465ee728b)
Start importing Assets/Tile_Pallete/tileset-sliced_8.asset using Guid(548aa0e3062ca584bb44054d74240a53) Importer(815301076,1909f56bfc062723c751e8b465ee728b)  -> (artifact id: '34866ab2433b26c1423574531db3c142') in 0.038741 seconds
  Import took 0.042433 seconds .

========================================================================
Received Import Request.
  Time since last request: 0.000242 seconds.
  path: Assets/Tile_Pallete/tileset-sliced_24.asset
  artifactKey: Guid(b712536f5b93c9340bfbddd0569d911c) Importer(815301076,1909f56bfc062723c751e8b465ee728b)
Start importing Assets/Tile_Pallete/tileset-sliced_24.asset using Guid(b712536f5b93c9340bfbddd0569d911c) Importer(815301076,1909f56bfc062723c751e8b465ee728b)  -> (artifact id: '85a259d0017358dc31e4d9d4c5a737bb') in 0.040421 seconds
  Import took 0.044045 seconds .

========================================================================
Received Import Request.
  Time since last request: 0.000318 seconds.
  path: Assets/Tile_Pallete/tileset-sliced_34.asset
  artifactKey: Guid(8c217b2ef0294a74ab8f7645bfc3a51d) Importer(815301076,1909f56bfc062723c751e8b465ee728b)
Start importing Assets/Tile_Pallete/tileset-sliced_34.asset using Guid(8c217b2ef0294a74ab8f7645bfc3a51d) Importer(815301076,1909f56bfc062723c751e8b465ee728b)  -> (artifact id: '7533e563a6492a655f23fd56a8ff5903') in 0.039433 seconds
  Import took 0.042966 seconds .

========================================================================
Received Import Request.
  Time since last request: 0.000270 seconds.
  path: Assets/Skybox_prefab_img/3W.png
  artifactKey: Guid(dcd8a5439aad1f4459006dd1a67db78d) Importer(815301076,1909f56bfc062723c751e8b465ee728b)
Start importing Assets/Skybox_prefab_img/3W.png using Guid(dcd8a5439aad1f4459006dd1a67db78d) Importer(815301076,1909f56bfc062723c751e8b465ee728b)  -> (artifact id: 'd4e10a716ff6b27bd6242760a5e71016') in 0.047302 seconds
  Import took 0.050915 seconds .

========================================================================
Received Import Request.
  Time since last request: 0.000334 seconds.
  path: Assets/Skybox_prefab_img/BurstBullet.prefab
  artifactKey: Guid(ad0ef7fc7c04a54468123df0ad7e8d5f) Importer(815301076,1909f56bfc062723c751e8b465ee728b)
Start importing Assets/Skybox_prefab_img/BurstBullet.prefab using Guid(ad0ef7fc7c04a54468123df0ad7e8d5f) Importer(815301076,1909f56bfc062723c751e8b465ee728b)  -> (artifact id: '533c6376b9ff07d05c306d4e8c538f01') in 0.040161 seconds
  Import took 0.043874 seconds .

========================================================================
Received Import Request.
  Time since last request: 0.000247 seconds.
  path: Assets/Tile_Pallete/tileset-sliced_1.asset
  artifactKey: Guid(77566b68253013241847ed8a45cc7e49) Importer(815301076,1909f56bfc062723c751e8b465ee728b)
Start importing Assets/Tile_Pallete/tileset-sliced_1.asset using Guid(77566b68253013241847ed8a45cc7e49) Importer(815301076,1909f56bfc062723c751e8b465ee728b)  -> (artifact id: '773166a6fee65a55f18639c8c4a4f672') in 0.039365 seconds
  Import took 0.042968 seconds .

========================================================================
Received Import Request.
  Time since last request: 0.000270 seconds.
  path: Assets/Tile_Pallete/TestPallete.prefab
  artifactKey: Guid(45b134791138a324bb7f48545e2d71a8) Importer(815301076,1909f56bfc062723c751e8b465ee728b)
Start importing Assets/Tile_Pallete/TestPallete.prefab using Guid(45b134791138a324bb7f48545e2d71a8) Importer(815301076,1909f56bfc062723c751e8b465ee728b)  -> (artifact id: 'f408f4ad23ff51c522129802a615f16f') in 0.038170 seconds
  Import took 0.041804 seconds .

========================================================================
Received Import Request.
  Time since last request: 0.000247 seconds.
  path: Assets/Tile_Pallete/tileset-sliced_54.asset
  artifactKey: Guid(d29a0b9175a71bc4aa53f4f4724d3856) Importer(815301076,1909f56bfc062723c751e8b465ee728b)
Start importing Assets/Tile_Pallete/tileset-sliced_54.asset using Guid(d29a0b9175a71bc4aa53f4f4724d3856) Importer(815301076,1909f56bfc062723c751e8b465ee728b)  -> (artifact id: 'efc45097748cd552b2209be5a4dfda0b') in 0.040895 seconds
  Import took 0.044538 seconds .

========================================================================
Received Import Request.
  Time since last request: 0.000226 seconds.
  path: Assets/Tile_Pallete/tileset-sliced_56.asset
  artifactKey: Guid(9bf09155f44308448aca70e96dc7fec8) Importer(815301076,1909f56bfc062723c751e8b465ee728b)
Start importing Assets/Tile_Pallete/tileset-sliced_56.asset using Guid(9bf09155f44308448aca70e96dc7fec8) Importer(815301076,1909f56bfc062723c751e8b465ee728b)  -> (artifact id: 'b436b0a331e0c79fd571cdd8a098d69c') in 0.040169 seconds
  Import took 0.044286 seconds .

========================================================================
Received Import Request.
  Time since last request: 0.000256 seconds.
  path: Assets/Tile_Pallete/tileset-sliced_17.asset
  artifactKey: Guid(da21c1dcc0a822943b5ac639c5b71b9b) Importer(815301076,1909f56bfc062723c751e8b465ee728b)
Start importing Assets/Tile_Pallete/tileset-sliced_17.asset using Guid(da21c1dcc0a822943b5ac639c5b71b9b) Importer(815301076,1909f56bfc062723c751e8b465ee728b)  -> (artifact id: '907df2e7337e2a386517607935697db1') in 0.039642 seconds
  Import took 0.044141 seconds .

========================================================================
Received Import Request.
  Time since last request: 0.000272 seconds.
  path: Assets/Tile_Pallete/tileset-sliced_35.asset
  artifactKey: Guid(eb564a42214f4db469d8df0e44247ca6) Importer(815301076,1909f56bfc062723c751e8b465ee728b)
Start importing Assets/Tile_Pallete/tileset-sliced_35.asset using Guid(eb564a42214f4db469d8df0e44247ca6) Importer(815301076,1909f56bfc062723c751e8b465ee728b)  -> (artifact id: 'd70f561c19f10550a173cbe282913177') in 0.039434 seconds
  Import took 0.043237 seconds .

========================================================================
Received Import Request.
  Time since last request: 0.000271 seconds.
  path: Assets/Tile_Pallete/tileset-sliced_57.asset
  artifactKey: Guid(45ff66cee54375843bc5bb242ecf97c5) Importer(815301076,1909f56bfc062723c751e8b465ee728b)
Start importing Assets/Tile_Pallete/tileset-sliced_57.asset using Guid(45ff66cee54375843bc5bb242ecf97c5) Importer(815301076,1909f56bfc062723c751e8b465ee728b)  -> (artifact id: '97636976e117dc01e1f96de62d0ee8e5') in 0.040000 seconds
  Import took 0.043685 seconds .

========================================================================
Received Import Request.
  Time since last request: 0.000265 seconds.
  path: Assets/Tile_Pallete/tileset-sliced_37.asset
  artifactKey: Guid(679ee08653aa3ed4199c2c3e60953be0) Importer(815301076,1909f56bfc062723c751e8b465ee728b)
Start importing Assets/Tile_Pallete/tileset-sliced_37.asset using Guid(679ee08653aa3ed4199c2c3e60953be0) Importer(815301076,1909f56bfc062723c751e8b465ee728b)  -> (artifact id: '29b0b63b8f4f3da445a7bb9f82178333') in 0.039499 seconds
  Import took 0.043259 seconds .

========================================================================
Received Import Request.
  Time since last request: 0.000272 seconds.
  path: Assets/Tile_Pallete/tileset-sliced_0.asset
  artifactKey: Guid(f264c89c143d26b4a89914a32f5765b4) Importer(815301076,1909f56bfc062723c751e8b465ee728b)
Start importing Assets/Tile_Pallete/tileset-sliced_0.asset using Guid(f264c89c143d26b4a89914a32f5765b4) Importer(815301076,1909f56bfc062723c751e8b465ee728b)  -> (artifact id: 'fe36c682bf2953b98e421f48301a2d6f') in 0.039810 seconds
  Import took 0.043315 seconds .

========================================================================
Received Import Request.
  Time since last request: 0.000266 seconds.
  path: Assets/Tile_Pallete/tileset-sliced_22.asset
  artifactKey: Guid(d1cdcda3679a9a841ae62849aa7de987) Importer(815301076,1909f56bfc062723c751e8b465ee728b)
Start importing Assets/Tile_Pallete/tileset-sliced_22.asset using Guid(d1cdcda3679a9a841ae62849aa7de987) Importer(815301076,1909f56bfc062723c751e8b465ee728b)  -> (artifact id: 'ad0ea6feaf0f9c8be5305d2531a65a45') in 0.039675 seconds
  Import took 0.043246 seconds .

========================================================================
Received Import Request.
  Time since last request: 0.000283 seconds.
  path: Assets/Skybox_prefab_img/background_menu.jpg
  artifactKey: Guid(83daef8f49ee1e44d8986132e60338ee) Importer(815301076,1909f56bfc062723c751e8b465ee728b)
Start importing Assets/Skybox_prefab_img/background_menu.jpg using Guid(83daef8f49ee1e44d8986132e60338ee) Importer(815301076,1909f56bfc062723c751e8b465ee728b)  -> (artifact id: '87eb62b2e85266698ec9a9c770b136a3') in 0.043983 seconds
  Import took 0.047533 seconds .

========================================================================
Received Import Request.
  Time since last request: 1.413062 seconds.
  path: Assets/Scenes
  artifactKey: Guid(ec6a43fae88227d4a81529b1d4f5913f) Importer(815301076,1909f56bfc062723c751e8b465ee728b)
Start importing Assets/Scenes using Guid(ec6a43fae88227d4a81529b1d4f5913f) Importer(815301076,1909f56bfc062723c751e8b465ee728b)  -> (artifact id: 'da7b028f1e37d393b1bbe59f7462c5d2') in 0.034711 seconds
  Import took 0.038534 seconds .

========================================================================
Received Import Request.
  Time since last request: 0.005619 seconds.
  path: Assets/Scenes
  artifactKey: Guid(ec6a43fae88227d4a81529b1d4f5913f) Importer(815301076,1909f56bfc062723c751e8b465ee728b)
Start importing Assets/Scenes using Guid(ec6a43fae88227d4a81529b1d4f5913f) Importer(815301076,1909f56bfc062723c751e8b465ee728b)  -> (artifact id: 'da7b028f1e37d393b1bbe59f7462c5d2') in 0.041872 seconds
  Import took 0.046120 seconds .

========================================================================
Received Import Request.
  Time since last request: 1.098346 seconds.
  path: Assets/Scenes/Menu.unity
  artifactKey: Guid(88d7451b127e73f468daff36728316de) Importer(815301076,1909f56bfc062723c751e8b465ee728b)
Start importing Assets/Scenes/Menu.unity using Guid(88d7451b127e73f468daff36728316de) Importer(815301076,1909f56bfc062723c751e8b465ee728b)  -> (artifact id: '00f3508bed56317e3c726bab620e4f5d') in 0.036677 seconds
  Import took 0.040489 seconds .

